C51 COMPILER V9.60.0.0   TASK1                                                             04/11/2022 20:41:11 PAGE 1   


C51 COMPILER V9.60.0.0, COMPILATION OF MODULE TASK1
OBJECT MODULE PLACED IN .\Objects\task1.obj
COMPILER INVOKED BY: C:\Keil_v5\C51\BIN\C51.EXE task1.c OPTIMIZE(8,SPEED) BROWSE DEBUG OBJECTEXTEND PRINT(.\Listings\tas
                    -k1.lst) TABS(2) OBJECT(.\Objects\task1.obj)

line level    source

   1          #include <reg51.h>
   2          #include <stdio.h>
   3          
   4          sbit PZero_0 = P0^0;
   5          void Causing_Delay(unsigned int mSec){
   6   1          int i, j;
   7   1          for(i = 0 ; i < mSec; i++){
   8   2              for(j = 0; j < 257; j++);
   9   2          }
  10   1      }
  11          void main(void){
  12   1          while(1){
  13   2              PZero_0 = 1;
  14   2              Causing_Delay(12);
  15   2              PZero_0 = 0;
  16   2              Causing_Delay(8);
  17   2          }
  18   1      }


MODULE INFORMATION:   STATIC OVERLAYABLE
   CODE SIZE        =     50    ----
   CONSTANT SIZE    =   ----    ----
   XDATA SIZE       =   ----    ----
   PDATA SIZE       =   ----    ----
   DATA SIZE        =   ----    ----
   IDATA SIZE       =   ----    ----
   BIT SIZE         =   ----    ----
END OF MODULE INFORMATION.


C51 COMPILATION COMPLETE.  0 WARNING(S),  0 ERROR(S)
