C51 COMPILER V9.60.0.0   KEYPAD_INTERFERENCE                                               06/01/2022 13:03:27 PAGE 1   


C51 COMPILER V9.60.0.0, COMPILATION OF MODULE KEYPAD_INTERFERENCE
OBJECT MODULE PLACED IN .\Objects\keypad interference.obj
COMPILER INVOKED BY: C:\Keil_v5\C51\BIN\C51.EXE keypad interference.c OPTIMIZE(8,SPEED) BROWSE DEBUG OBJECTEXTEND PRINT(
                    -.\Listings\keypad interference.lst) TABS(2) OBJECT(.\Objects\keypad interference.obj)

line level    source

   1          #include <stdio.h>
   2          #include <reg51.h>
   3          
   4          sbit col1=P2^2;
   5          sbit col2=P2^1;
   6          sbit col3=P2^0;
   7          
   8          sbit rowA=P2^3;
   9          sbit rowB=P2^4;
  10          sbit rowC=P2^5;
  11          sbit rowD=P2^6;
  12          
  13          sbit LED1=P1^0;
  14          sbit LED2=P1^1;
  15          sbit LED3=P1^2;
  16          sbit LED4=P1^3;
  17          sbit LED5=P1^4;
  18          sbit LED6=P1^5;
  19          sbit LED7=P1^6;
  20          sbit LED8=P1^7;
  21          sbit LED9=P3^0;
  22          
  23          void main(){
  24   1        P1=P3=0;
  25   1        rowB=rowC=rowD=1;
  26   1        rowA=0;
  27   1        if (rowA==0)
  28   1        {
  29   2          if(col1==0)
  30   2            LED1=1;
  31   2      
  32   2          else if(col2==0)
  33   2            LED2=1;
  34   2          
  35   2          else if(col3==0)
  36   2            LED3=1;
  37   2        }
  38   1        rowA=rowC=rowD=1;
  39   1        rowB=0;
  40   1        if (rowB==0)
  41   1          {
  42   2            if(col1==0)
  43   2              LED4=1;
  44   2      
  45   2            else if(col2==0)
  46   2              LED5=1;
  47   2            
  48   2            else if(col3==0)
  49   2              LED6=1;
  50   2          }
  51   1          
  52   1          rowA=rowB=rowD=1;
  53   1          rowC=0;
  54   1          if (rowC==0)
C51 COMPILER V9.60.0.0   KEYPAD_INTERFERENCE                                               06/01/2022 13:03:27 PAGE 2   

  55   1          {
  56   2            if(col1==0)
  57   2              LED7=1;
  58   2      
  59   2            else if(col2==0)
  60   2              LED8=1;
  61   2            
  62   2            else if(col3==0)
  63   2              LED9=1;
  64   2          }
  65   1        }


MODULE INFORMATION:   STATIC OVERLAYABLE
   CODE SIZE        =     94    ----
   CONSTANT SIZE    =   ----    ----
   XDATA SIZE       =   ----    ----
   PDATA SIZE       =   ----    ----
   DATA SIZE        =   ----    ----
   IDATA SIZE       =   ----    ----
   BIT SIZE         =   ----    ----
END OF MODULE INFORMATION.


C51 COMPILATION COMPLETE.  0 WARNING(S),  0 ERROR(S)
