C51 COMPILER V9.60.0.0   PRACTICE                                                          04/29/2022 02:03:34 PAGE 1   


C51 COMPILER V9.60.0.0, COMPILATION OF MODULE PRACTICE
OBJECT MODULE PLACED IN .\Objects\practice.obj
COMPILER INVOKED BY: C:\Keil_v5\C51\BIN\C51.EXE practice.c OPTIMIZE(8,SPEED) BROWSE DEBUG OBJECTEXTEND PRINT(.\Listings\
                    -practice.lst) TABS(2) OBJECT(.\Objects\practice.obj)

line level    source

   1          #include <stdio.h>
   2          #include <reg51.h>
   3          sbit mybit=P1^0;
   4          void main(void)
   5          {
   6   1          unsigned int x;
   7   1          for (x=0;x<=50000;x++)
   8   1          {
   9   2            mybit=0;
  10   2            mybit=1;
  11   2          }
  12   1        }


MODULE INFORMATION:   STATIC OVERLAYABLE
   CODE SIZE        =     30    ----
   CONSTANT SIZE    =   ----    ----
   XDATA SIZE       =   ----    ----
   PDATA SIZE       =   ----    ----
   DATA SIZE        =   ----    ----
   IDATA SIZE       =   ----    ----
   BIT SIZE         =   ----    ----
END OF MODULE INFORMATION.


C51 COMPILATION COMPLETE.  0 WARNING(S),  0 ERROR(S)
