C51 COMPILER V9.60.0.0   TASK1_LEDS                                                        04/20/2022 11:32:13 PAGE 1   


C51 COMPILER V9.60.0.0, COMPILATION OF MODULE TASK1_LEDS
OBJECT MODULE PLACED IN .\Objects\task1_leds.obj
COMPILER INVOKED BY: C:\Keil_v5\C51\BIN\C51.EXE task1_leds.c OPTIMIZE(8,SPEED) BROWSE DEBUG OBJECTEXTEND PRINT(.\Listing
                    -s\task1_leds.lst) TABS(2) OBJECT(.\Objects\task1_leds.obj)

line level    source

   1          #include <reg51.h>
   2          #include <stdio.h>
   3          sbit pin1=P1^1;
   4          sbit pin2=P1^2;
   5          sbit led1=P2^1;
   6          sbit led2=P2^2;
   7          sbit led3=P2^3;
   8          sbit led4=P2^4;
   9          void main(){
  10   1        led1=0x00;
  11   1        led2=0x00;
  12   1        led3=0x00;
  13   1        led4=0x00;
  14   1        while(1)
  15   1        {
  16   2          if(pin1==0 && pin2==0)
  17   2          {
  18   3            led1=0x01;
  19   3            led2=0x00;
  20   3            led3=0x00;
  21   3            led4=0x00;
  22   3          }
  23   2          else if(pin1==0 && pin2==1)
  24   2          {
  25   3            led1=0x00;
  26   3            led2=0x01;
  27   3            led3=0x00;
  28   3            led4=0x00;
  29   3          }
  30   2          else if(pin1==1 && pin2==0)
  31   2          {
  32   3            led1=0x00;
  33   3            led2=0x00;
  34   3            led3=0x01;
  35   3            led4=0x00;
  36   3          }
  37   2          else if(pin1==1 && pin2==1)
  38   2          {
  39   3            led1=0x01;
  40   3            led2=0x01;
  41   3            led3=0x01;
  42   3            led4=0x01;
  43   3          }
  44   2          else;
  45   2        
  46   2        }
  47   1        //return 0;
  48   1      }


MODULE INFORMATION:   STATIC OVERLAYABLE
   CODE SIZE        =     64    ----
   CONSTANT SIZE    =   ----    ----
   XDATA SIZE       =   ----    ----
C51 COMPILER V9.60.0.0   TASK1_LEDS                                                        04/20/2022 11:32:13 PAGE 2   

   PDATA SIZE       =   ----    ----
   DATA SIZE        =   ----    ----
   IDATA SIZE       =   ----    ----
   BIT SIZE         =   ----    ----
END OF MODULE INFORMATION.


C51 COMPILATION COMPLETE.  0 WARNING(S),  0 ERROR(S)
