C51 COMPILER V9.60.0.0   TASK__1                                                           08/03/2022 21:50:38 PAGE 1   


C51 COMPILER V9.60.0.0, COMPILATION OF MODULE TASK__1
OBJECT MODULE PLACED IN .\Objects\task  1.obj
COMPILER INVOKED BY: C:\Keil_v5\C51\BIN\C51.EXE task  1.c OPTIMIZE(8,SPEED) BROWSE DEBUG OBJECTEXTEND PRINT(.\Listings\t
                    -ask  1.lst) TABS(2) OBJECT(.\Objects\task  1.obj)

line level    source

   1          #include<reg51.h>
   2          #include<stdio.h>
   3          void main(void)
   4          {
   5   1        P0=0xFF;
   6   1        
   7   1        P1=0x01;//P1=1
   8   1        P2=0x03;//P2=3
   9   1        P0=0x99;//P0=4=0x99 on  seven segment anode
  10   1      }


MODULE INFORMATION:   STATIC OVERLAYABLE
   CODE SIZE        =     13    ----
   CONSTANT SIZE    =   ----    ----
   XDATA SIZE       =   ----    ----
   PDATA SIZE       =   ----    ----
   DATA SIZE        =   ----    ----
   IDATA SIZE       =   ----    ----
   BIT SIZE         =   ----    ----
END OF MODULE INFORMATION.


C51 COMPILATION COMPLETE.  0 WARNING(S),  0 ERROR(S)
