C51 COMPILER V9.60.0.0   TASK3_MBSD                                                        04/25/2022 04:32:34 PAGE 1   


C51 COMPILER V9.60.0.0, COMPILATION OF MODULE TASK3_MBSD
OBJECT MODULE PLACED IN .\Objects\task3 MBSD.obj
COMPILER INVOKED BY: C:\Keil_v5\C51\BIN\C51.EXE task3 MBSD.c OPTIMIZE(8,SPEED) BROWSE DEBUG OBJECTEXTEND PRINT(.\Listing
                    -s\task3 MBSD.lst) TABS(2) OBJECT(.\Objects\task3 MBSD.obj)

line level    source

   1          #include <reg51.h>
   2          #include <stdio.h>
   3          
   4          sbit delay=P1^1;
   5          sbit toggle=P1^2;
   6          int counter=0;
   7          unsigned int a=0;
   8          void  start_timer0(void)
   9          {
  10   1         TR0=1;
  11   1      }
  12          void timer0(void)interrupt 1
  13          {
  14   1         if(counter==0)
  15   1         {
  16   2            if(delay==0 && a==0)
  17   2            {
  18   3         delay=1;
  19   3         TH0=0xD8;
  20   3         TL0=0xEF;
  21   3            }
  22   2            else
  23   2            {
  24   3         a++;
  25   3         delay=0;
  26   3         if(a==9)
  27   3         {
  28   4            a=0;
  29   4         }
  30   3         TH0=0xD8;
  31   3         TL0=0xEF;
  32   3            }
  33   2         }
  34   1         else if(counter==1)
  35   1         {
  36   2            if(delay==1)
  37   2            {
  38   3         TH0=0x63;
  39   3         TL0=0xBF;
  40   3            }
  41   2            else{
  42   3          TH0=0xD8;
  43   3         TL0=0xEF;
  44   3            }
  45   2            delay=~delay;
  46   2         }
  47   1         else if(counter==2)
  48   1         {
  49   2            if(delay==1)
  50   2            {
  51   3         TH0=0xC5;
  52   3         TL0=0x67;
  53   3            }
  54   2            else {
C51 COMPILER V9.60.0.0   TASK3_MBSD                                                        04/25/2022 04:32:34 PAGE 2   

  55   3         TH0=0xD8;
  56   3         TL0=0xEF;
  57   3            }
  58   2            delay=~delay;
  59   2         }
  60   1           else if(counter==3)
  61   1         {
  62   2            if(delay==1)
  63   2            {
  64   3         TH0=0xF6;
  65   3         TL0=0x3B;
  66   3            }
  67   2            else {
  68   3         TH0=0xD8;
  69   3         TL0=0xEF;
  70   3            }
  71   2            delay=~delay;
  72   2         }
  73   1      }
  74          
  75          void init_timer0(void){
  76   1         TMOD=0x01;
  77   1         TH0=0xFB;
  78   1         TL0=0x9A;
  79   1         IE=0x83;
  80   1      }
  81          
  82           
  83          void main(void)
  84           { 
  85   1         // Write your code here
  86   1        init_timer0();
  87   1          start_timer0();
  88   1          while(1)
  89   1          {
  90   2             if(toggle==0)
  91   2             {
  92   3          if(counter<3)
  93   3             counter++;
  94   3          else if(counter==3)
  95   3             counter=0;
  96   3             }
  97   2          }
  98   1       }


MODULE INFORMATION:   STATIC OVERLAYABLE
   CODE SIZE        =    199    ----
   CONSTANT SIZE    =   ----    ----
   XDATA SIZE       =   ----    ----
   PDATA SIZE       =   ----    ----
   DATA SIZE        =      4    ----
   IDATA SIZE       =   ----    ----
   BIT SIZE         =   ----    ----
END OF MODULE INFORMATION.


C51 COMPILATION COMPLETE.  0 WARNING(S),  0 ERROR(S)
