C51 COMPILER V9.60.0.0   TASK4                                                             05/23/2022 02:04:37 PAGE 1   


C51 COMPILER V9.60.0.0, COMPILATION OF MODULE TASK4
OBJECT MODULE PLACED IN .\Objects\task4.obj
COMPILER INVOKED BY: C:\Keil_v5\C51\BIN\C51.EXE task4.c OPTIMIZE(8,SPEED) BROWSE DEBUG OBJECTEXTEND PRINT(.\Listings\tas
                    -k4.lst) TABS(2) OBJECT(.\Objects\task4.obj)

line level    source

   1          #include<reg51.h>
   2          #include<stdio.h>
   3          sbit interrupt_button =P3^2;  //externalinterrupt at pin 12
   4          sbit led=P2^0;  
   5          int count=0;
   6          int i=0;
   7          void start_timer(void)
   8          {
   9   1        TR0=1;    //starting timer 0
  10   1      }
  11          void ext_int_0(void)interrupt 0   //ISR for external interrupt0 INT0 when button is pressed
  12          {
  13   1        count=count+1;  
  14   1      }
  15          void timer_int(void)interrupt 3   //  ISR for roll over condition
  16          {
  17   1      
  18   1        switch(count%3)
  19   1        {
  20   2          case 0:
  21   2            if(led==1)
  22   2            {
  23   3              led=0;
  24   3              TH0=0xF4;
  25   3              TL0=0x44;
  26   3            }
  27   2            else
  28   2            {
  29   3              led=1;
  30   3              TH0=0xFC;
  31   3              TL0=0x17;
  32   3            }
  33   2            break;
  34   2          case 1:
  35   2            if(led==1)
  36   2            {
  37   3              led=0;
  38   3              TH0=0xFC;
  39   3              TL0=0x17;
  40   3            }
  41   2            else
  42   2            {
  43   3              led=1;
  44   3              TH0=0xFC;
  45   3              TL0=0x17;
  46   3            }
  47   2            break;
  48   2          case 2:
  49   2            if(led==1)
  50   2            {
  51   3              led=0;
  52   3              TH0=0xFB;
  53   3              TL0=0x1D;
  54   3            }
C51 COMPILER V9.60.0.0   TASK4                                                             05/23/2022 02:04:37 PAGE 2   

  55   2            else
  56   2            {
  57   3              led=1;
  58   3              TH0=0xFD;
  59   3              TL0=0x11;
  60   3            }
  61   2            break;
  62   2          }
  63   1        }
  64          void init_timer(void)
  65          {
  66   1        TMOD=0x01; //mod 1 timer
  67   1        TH0=0xFC;
  68   1        TL0=0x17;
  69   1        IE=0x83; //timer 0 overflowinterrupt and externalinterrupt 0
  70   1        INT0=1; //externalinterrupt at pin 3.2
  71   1      }
  72          void main(void)
  73          {
  74   1        led=1;
  75   1        interrupt_button=1; //configure INT0 pin as an input
  76   1        init_timer();
  77   1        start_timer();
  78   1        
  79   1        while(1)
  80   1        {
  81   2        }
  82   1      }


MODULE INFORMATION:   STATIC OVERLAYABLE
   CODE SIZE        =    159    ----
   CONSTANT SIZE    =   ----    ----
   XDATA SIZE       =   ----    ----
   PDATA SIZE       =   ----    ----
   DATA SIZE        =      4    ----
   IDATA SIZE       =   ----    ----
   BIT SIZE         =   ----    ----
END OF MODULE INFORMATION.


C51 COMPILATION COMPLETE.  0 WARNING(S),  0 ERROR(S)
