C51 COMPILER V9.60.0.0   TIMERS                                                            05/25/2022 12:42:10 PAGE 1   


C51 COMPILER V9.60.0.0, COMPILATION OF MODULE TIMERS
OBJECT MODULE PLACED IN .\Objects\Timers.obj
COMPILER INVOKED BY: C:\Keil_v5\C51\BIN\C51.EXE Timers.c OPTIMIZE(8,SPEED) BROWSE DEBUG OBJECTEXTEND PRINT(.\Listings\Ti
                    -mers.lst) TABS(2) OBJECT(.\Objects\Timers.obj)

line level    source

   1          #include <reg51.h>
   2          #include <stdio.h>
   3          sbit pin=P1^0;
   4          void start_timer0(){
   5   1          TR0=1;
   6   1      }
   7          
   8          void init_timer(){
   9   1          TMOD=0x01;
  10   1          TL0=0x18;
  11   1          TH0=0xFC;
  12   1      }
  13          //void Delay()
  14          
  15          void main(void){
  16   1        init_timer();
  17   1        start_timer0();
  18   1        
  19   1        while(1)
  20   1        {
  21   2          if(TF0==0)
  22   2          {
  23   3            TR0=0;
  24   3            TF0=0;
  25   3          }
  26   2        }
  27   1      }
  28              
  29              


MODULE INFORMATION:   STATIC OVERLAYABLE
   CODE SIZE        =     28    ----
   CONSTANT SIZE    =   ----    ----
   XDATA SIZE       =   ----    ----
   PDATA SIZE       =   ----    ----
   DATA SIZE        =   ----    ----
   IDATA SIZE       =   ----    ----
   BIT SIZE         =   ----    ----
END OF MODULE INFORMATION.


C51 COMPILATION COMPLETE.  0 WARNING(S),  0 ERROR(S)
